This file contains any messages produced by compilers while
running configure, to aid debugging if configure makes a mistake.

It was created by HTSlib configure 1.3, which was
generated by GNU Autoconf 2.69.  Invocation command line was

  $ ./configure 

## --------- ##
## Platform. ##
## --------- ##

hostname = csr38
uname -m = x86_64
uname -r = 5.4.17-2136.308.9.el8uek.x86_64
uname -s = Linux
uname -v = #2 SMP Mon Jun 13 20:36:40 PDT 2022

/usr/bin/uname -p = x86_64
/bin/uname -X     = unknown

/bin/arch              = x86_64
/usr/bin/arch -k       = unknown
/usr/convex/getsysinfo = unknown
/usr/bin/hostinfo      = unknown
/bin/machine           = unknown
/usr/bin/oslevel       = unknown
/bin/universe          = unknown

PATH: /home/comp/cschaoyang/SOFTWARE/ANACONDA3/V2019/bin
PATH: /home/comp/cschaoyang/SOFTWARE/ANACONDA3/V2019/condabin
PATH: /home/comp/cschaoyang/SOFTWARE/ANACONDA3/V2019/bin
PATH: /home/comp/cschaoyang/.local/bin
PATH: /home/comp/cschaoyang/bin
PATH: /home/comp/cschaoyang/SOFTWARE/ANACONDA3/INSTALL/bin
PATH: /usr/share/Modules/bin
PATH: /usr/local/sbin
PATH: /usr/local/bin
PATH: /usr/sbin
PATH: /usr/bin
PATH: /root/bin


## ----------- ##
## Core tests. ##
## ----------- ##

configure:2051: checking for x86_64-conda-linux-gnu-gcc
configure:2078: result: /home/comp/cschaoyang/SOFTWARE/ANACONDA3/V2019/bin/x86_64-conda-linux-gnu-cc
configure:2347: checking for C compiler version
configure:2356: /home/comp/cschaoyang/SOFTWARE/ANACONDA3/V2019/bin/x86_64-conda-linux-gnu-cc --version >&5
x86_64-conda-linux-gnu-cc (GCC) 9.4.0
Copyright (C) 2019 Free Software Foundation, Inc.
This is free software; see the source for copying conditions.  There is NO
warranty; not even for MERCHANTABILITY or FITNESS FOR A PARTICULAR PURPOSE.

configure:2367: $? = 0
configure:2356: /home/comp/cschaoyang/SOFTWARE/ANACONDA3/V2019/bin/x86_64-conda-linux-gnu-cc -v >&5
Reading specs from /home/comp/cschaoyang/SOFTWARE/ANACONDA3/V2019/bin/../lib/gcc/x86_64-conda-linux-gnu/9.4.0/specs
COLLECT_GCC=/home/comp/cschaoyang/SOFTWARE/ANACONDA3/V2019/bin/x86_64-conda-linux-gnu-cc
COLLECT_LTO_WRAPPER=/home/comp/cschaoyang/SOFTWARE/ANACONDA3/V2019/bin/../libexec/gcc/x86_64-conda-linux-gnu/9.4.0/lto-wrapper
Target: x86_64-conda-linux-gnu
Configured with: ../configure --prefix=/home/conda/feedstock_root/build_artifacts/gcc_compilers_1643063174925/_h_env_placehold_placehold_placehold_placehold_placehold_placehold_placehold_placehold_placehold_placehold_placehold_placehold_placehold_placehold_placehold_placehold_placehold_placeho --with-slibdir=/home/conda/feedstock_root/build_artifacts/gcc_compilers_1643063174925/_h_env_placehold_placehold_placehold_placehold_placehold_placehold_placehold_placehold_placehold_placehold_placehold_placehold_placehold_placehold_placehold_placehold_placehold_placeho/lib --libdir=/home/conda/feedstock_root/build_artifacts/gcc_compilers_1643063174925/_h_env_placehold_placehold_placehold_placehold_placehold_placehold_placehold_placehold_placehold_placehold_placehold_placehold_placehold_placehold_placehold_placehold_placehold_placeho/lib --build=x86_64-conda-linux-gnu --host=x86_64-conda-linux-gnu --target=x86_64-conda-linux-gnu --enable-default-pie --enable-languages=c,c++,fortran,objc,obj-c++ --enable-__cxa_atexit --disable-libmudflap --enable-libgomp --disable-libssp --enable-libquadmath --enable-libquadmath-support --enable-libsanitizer --enable-lto --enable-threads=posix --enable-target-optspace --enable-plugin --enable-gold --disable-nls --disable-bootstrap --disable-multilib --enable-long-long --enable-default-pie --with-sysroot=/home/conda/feedstock_root/build_artifacts/gcc_compilers_1643063174925/_h_env_placehold_placehold_placehold_placehold_placehold_placehold_placehold_placehold_placehold_placehold_placehold_placehold_placehold_placehold_placehold_placehold_placehold_placeho/x86_64-conda-linux-gnu/sysroot --with-build-sysroot=/home/conda/feedstock_root/build_artifacts/gcc_compilers_1643063174925/_build_env/x86_64-conda-linux-gnu/sysroot --with-gxx-include-dir=/home/conda/feedstock_root/build_artifacts/gcc_compilers_1643063174925/_h_env_placehold_placehold_placehold_placehold_placehold_placehold_placehold_placehold_placehold_placehold_placehold_placehold_placehold_placehold_placehold_placehold_placehold_placeho/x86_64-conda-linux-gnu/include/c++/9.4.0
Thread model: posix
gcc version 9.4.0 (GCC) 
configure:2367: $? = 0
configure:2356: /home/comp/cschaoyang/SOFTWARE/ANACONDA3/V2019/bin/x86_64-conda-linux-gnu-cc -V >&5
x86_64-conda-linux-gnu-cc: error: unrecognized command line option '-V'
x86_64-conda-linux-gnu-cc: fatal error: no input files
compilation terminated.
configure:2367: $? = 1
configure:2356: /home/comp/cschaoyang/SOFTWARE/ANACONDA3/V2019/bin/x86_64-conda-linux-gnu-cc -qversion >&5
x86_64-conda-linux-gnu-cc: error: unrecognized command line option '-qversion'; did you mean '--version'?
x86_64-conda-linux-gnu-cc: fatal error: no input files
compilation terminated.
configure:2367: $? = 1
configure:2387: checking whether the C compiler works
configure:2409: /home/comp/cschaoyang/SOFTWARE/ANACONDA3/V2019/bin/x86_64-conda-linux-gnu-cc -march=nocona -mtune=haswell -ftree-vectorize -fPIC -fstack-protector-strong -fno-plt -O2 -ffunction-sections -pipe -isystem /home/comp/cschaoyang/SOFTWARE/ANACONDA3/V2019/include -DNDEBUG -D_FORTIFY_SOURCE=2 -O2 -isystem /home/comp/cschaoyang/SOFTWARE/ANACONDA3/V2019/include -Wl,-O2 -Wl,--sort-common -Wl,--as-needed -Wl,-z,relro -Wl,-z,now -Wl,--disable-new-dtags -Wl,--gc-sections -Wl,-rpath,/home/comp/cschaoyang/SOFTWARE/ANACONDA3/V2019/lib -Wl,-rpath-link,/home/comp/cschaoyang/SOFTWARE/ANACONDA3/V2019/lib -L/home/comp/cschaoyang/SOFTWARE/ANACONDA3/V2019/lib conftest.c  >&5
configure:2413: $? = 0
configure:2461: result: yes
configure:2464: checking for C compiler default output file name
configure:2466: result: a.out
configure:2472: checking for suffix of executables
configure:2479: /home/comp/cschaoyang/SOFTWARE/ANACONDA3/V2019/bin/x86_64-conda-linux-gnu-cc -o conftest -march=nocona -mtune=haswell -ftree-vectorize -fPIC -fstack-protector-strong -fno-plt -O2 -ffunction-sections -pipe -isystem /home/comp/cschaoyang/SOFTWARE/ANACONDA3/V2019/include -DNDEBUG -D_FORTIFY_SOURCE=2 -O2 -isystem /home/comp/cschaoyang/SOFTWARE/ANACONDA3/V2019/include -Wl,-O2 -Wl,--sort-common -Wl,--as-needed -Wl,-z,relro -Wl,-z,now -Wl,--disable-new-dtags -Wl,--gc-sections -Wl,-rpath,/home/comp/cschaoyang/SOFTWARE/ANACONDA3/V2019/lib -Wl,-rpath-link,/home/comp/cschaoyang/SOFTWARE/ANACONDA3/V2019/lib -L/home/comp/cschaoyang/SOFTWARE/ANACONDA3/V2019/lib conftest.c  >&5
configure:2483: $? = 0
configure:2505: result: 
configure:2527: checking whether we are cross compiling
configure:2535: /home/comp/cschaoyang/SOFTWARE/ANACONDA3/V2019/bin/x86_64-conda-linux-gnu-cc -o conftest -march=nocona -mtune=haswell -ftree-vectorize -fPIC -fstack-protector-strong -fno-plt -O2 -ffunction-sections -pipe -isystem /home/comp/cschaoyang/SOFTWARE/ANACONDA3/V2019/include -DNDEBUG -D_FORTIFY_SOURCE=2 -O2 -isystem /home/comp/cschaoyang/SOFTWARE/ANACONDA3/V2019/include -Wl,-O2 -Wl,--sort-common -Wl,--as-needed -Wl,-z,relro -Wl,-z,now -Wl,--disable-new-dtags -Wl,--gc-sections -Wl,-rpath,/home/comp/cschaoyang/SOFTWARE/ANACONDA3/V2019/lib -Wl,-rpath-link,/home/comp/cschaoyang/SOFTWARE/ANACONDA3/V2019/lib -L/home/comp/cschaoyang/SOFTWARE/ANACONDA3/V2019/lib conftest.c  >&5
configure:2539: $? = 0
configure:2546: ./conftest
configure:2550: $? = 0
configure:2565: result: no
configure:2570: checking for suffix of object files
configure:2592: /home/comp/cschaoyang/SOFTWARE/ANACONDA3/V2019/bin/x86_64-conda-linux-gnu-cc -c -march=nocona -mtune=haswell -ftree-vectorize -fPIC -fstack-protector-strong -fno-plt -O2 -ffunction-sections -pipe -isystem /home/comp/cschaoyang/SOFTWARE/ANACONDA3/V2019/include -DNDEBUG -D_FORTIFY_SOURCE=2 -O2 -isystem /home/comp/cschaoyang/SOFTWARE/ANACONDA3/V2019/include conftest.c >&5
configure:2596: $? = 0
configure:2617: result: o
configure:2621: checking whether we are using the GNU C compiler
configure:2640: /home/comp/cschaoyang/SOFTWARE/ANACONDA3/V2019/bin/x86_64-conda-linux-gnu-cc -c -march=nocona -mtune=haswell -ftree-vectorize -fPIC -fstack-protector-strong -fno-plt -O2 -ffunction-sections -pipe -isystem /home/comp/cschaoyang/SOFTWARE/ANACONDA3/V2019/include -DNDEBUG -D_FORTIFY_SOURCE=2 -O2 -isystem /home/comp/cschaoyang/SOFTWARE/ANACONDA3/V2019/include conftest.c >&5
configure:2640: $? = 0
configure:2649: result: yes
configure:2658: checking whether /home/comp/cschaoyang/SOFTWARE/ANACONDA3/V2019/bin/x86_64-conda-linux-gnu-cc accepts -g
configure:2678: /home/comp/cschaoyang/SOFTWARE/ANACONDA3/V2019/bin/x86_64-conda-linux-gnu-cc -c -g -DNDEBUG -D_FORTIFY_SOURCE=2 -O2 -isystem /home/comp/cschaoyang/SOFTWARE/ANACONDA3/V2019/include conftest.c >&5
configure:2678: $? = 0
configure:2719: result: yes
configure:2736: checking for /home/comp/cschaoyang/SOFTWARE/ANACONDA3/V2019/bin/x86_64-conda-linux-gnu-cc option to accept ISO C89
configure:2799: /home/comp/cschaoyang/SOFTWARE/ANACONDA3/V2019/bin/x86_64-conda-linux-gnu-cc  -c -march=nocona -mtune=haswell -ftree-vectorize -fPIC -fstack-protector-strong -fno-plt -O2 -ffunction-sections -pipe -isystem /home/comp/cschaoyang/SOFTWARE/ANACONDA3/V2019/include -DNDEBUG -D_FORTIFY_SOURCE=2 -O2 -isystem /home/comp/cschaoyang/SOFTWARE/ANACONDA3/V2019/include conftest.c >&5
configure:2799: $? = 0
configure:2812: result: none needed
configure:2835: checking for x86_64-conda-linux-gnu-ranlib
configure:2862: result: /home/comp/cschaoyang/SOFTWARE/ANACONDA3/V2019/bin/x86_64-conda-linux-gnu-ranlib
configure:2990: checking how to run the C preprocessor
configure:3060: result: /home/comp/cschaoyang/SOFTWARE/ANACONDA3/V2019/bin/x86_64-conda-linux-gnu-cpp
configure:3080: /home/comp/cschaoyang/SOFTWARE/ANACONDA3/V2019/bin/x86_64-conda-linux-gnu-cpp -DNDEBUG -D_FORTIFY_SOURCE=2 -O2 -isystem /home/comp/cschaoyang/SOFTWARE/ANACONDA3/V2019/include conftest.c
configure:3080: $? = 0
configure:3094: /home/comp/cschaoyang/SOFTWARE/ANACONDA3/V2019/bin/x86_64-conda-linux-gnu-cpp -DNDEBUG -D_FORTIFY_SOURCE=2 -O2 -isystem /home/comp/cschaoyang/SOFTWARE/ANACONDA3/V2019/include conftest.c
conftest.c:9:10: fatal error: ac_nonexistent.h: No such file or directory
    9 | #include <ac_nonexistent.h>
      |          ^~~~~~~~~~~~~~~~~~
compilation terminated.
configure:3094: $? = 1
configure: failed program was:
| /* confdefs.h */
| #define PACKAGE_NAME "HTSlib"
| #define PACKAGE_TARNAME "htslib"
| #define PACKAGE_VERSION "1.3"
| #define PACKAGE_STRING "HTSlib 1.3"
| #define PACKAGE_BUGREPORT "samtools-help@lists.sourceforge.net"
| #define PACKAGE_URL "http://www.htslib.org/"
| /* end confdefs.h.  */
| #include <ac_nonexistent.h>
configure:3123: checking for grep that handles long lines and -e
configure:3181: result: /usr/bin/grep
configure:3186: checking for egrep
configure:3248: result: /usr/bin/grep -E
configure:3253: checking for ANSI C header files
configure:3273: /home/comp/cschaoyang/SOFTWARE/ANACONDA3/V2019/bin/x86_64-conda-linux-gnu-cc -c -march=nocona -mtune=haswell -ftree-vectorize -fPIC -fstack-protector-strong -fno-plt -O2 -ffunction-sections -pipe -isystem /home/comp/cschaoyang/SOFTWARE/ANACONDA3/V2019/include -DNDEBUG -D_FORTIFY_SOURCE=2 -O2 -isystem /home/comp/cschaoyang/SOFTWARE/ANACONDA3/V2019/include conftest.c >&5
configure:3273: $? = 0
configure:3346: /home/comp/cschaoyang/SOFTWARE/ANACONDA3/V2019/bin/x86_64-conda-linux-gnu-cc -o conftest -march=nocona -mtune=haswell -ftree-vectorize -fPIC -fstack-protector-strong -fno-plt -O2 -ffunction-sections -pipe -isystem /home/comp/cschaoyang/SOFTWARE/ANACONDA3/V2019/include -DNDEBUG -D_FORTIFY_SOURCE=2 -O2 -isystem /home/comp/cschaoyang/SOFTWARE/ANACONDA3/V2019/include -Wl,-O2 -Wl,--sort-common -Wl,--as-needed -Wl,-z,relro -Wl,-z,now -Wl,--disable-new-dtags -Wl,--gc-sections -Wl,-rpath,/home/comp/cschaoyang/SOFTWARE/ANACONDA3/V2019/lib -Wl,-rpath-link,/home/comp/cschaoyang/SOFTWARE/ANACONDA3/V2019/lib -L/home/comp/cschaoyang/SOFTWARE/ANACONDA3/V2019/lib conftest.c  >&5
configure:3346: $? = 0
configure:3346: ./conftest
configure:3346: $? = 0
configure:3357: result: yes
configure:3370: checking for sys/types.h
configure:3370: /home/comp/cschaoyang/SOFTWARE/ANACONDA3/V2019/bin/x86_64-conda-linux-gnu-cc -c -march=nocona -mtune=haswell -ftree-vectorize -fPIC -fstack-protector-strong -fno-plt -O2 -ffunction-sections -pipe -isystem /home/comp/cschaoyang/SOFTWARE/ANACONDA3/V2019/include -DNDEBUG -D_FORTIFY_SOURCE=2 -O2 -isystem /home/comp/cschaoyang/SOFTWARE/ANACONDA3/V2019/include conftest.c >&5
configure:3370: $? = 0
configure:3370: result: yes
configure:3370: checking for sys/stat.h
configure:3370: /home/comp/cschaoyang/SOFTWARE/ANACONDA3/V2019/bin/x86_64-conda-linux-gnu-cc -c -march=nocona -mtune=haswell -ftree-vectorize -fPIC -fstack-protector-strong -fno-plt -O2 -ffunction-sections -pipe -isystem /home/comp/cschaoyang/SOFTWARE/ANACONDA3/V2019/include -DNDEBUG -D_FORTIFY_SOURCE=2 -O2 -isystem /home/comp/cschaoyang/SOFTWARE/ANACONDA3/V2019/include conftest.c >&5
configure:3370: $? = 0
configure:3370: result: yes
configure:3370: checking for stdlib.h
configure:3370: /home/comp/cschaoyang/SOFTWARE/ANACONDA3/V2019/bin/x86_64-conda-linux-gnu-cc -c -march=nocona -mtune=haswell -ftree-vectorize -fPIC -fstack-protector-strong -fno-plt -O2 -ffunction-sections -pipe -isystem /home/comp/cschaoyang/SOFTWARE/ANACONDA3/V2019/include -DNDEBUG -D_FORTIFY_SOURCE=2 -O2 -isystem /home/comp/cschaoyang/SOFTWARE/ANACONDA3/V2019/include conftest.c >&5
configure:3370: $? = 0
configure:3370: result: yes
configure:3370: checking for string.h
configure:3370: /home/comp/cschaoyang/SOFTWARE/ANACONDA3/V2019/bin/x86_64-conda-linux-gnu-cc -c -march=nocona -mtune=haswell -ftree-vectorize -fPIC -fstack-protector-strong -fno-plt -O2 -ffunction-sections -pipe -isystem /home/comp/cschaoyang/SOFTWARE/ANACONDA3/V2019/include -DNDEBUG -D_FORTIFY_SOURCE=2 -O2 -isystem /home/comp/cschaoyang/SOFTWARE/ANACONDA3/V2019/include conftest.c >&5
configure:3370: $? = 0
configure:3370: result: yes
configure:3370: checking for memory.h
configure:3370: /home/comp/cschaoyang/SOFTWARE/ANACONDA3/V2019/bin/x86_64-conda-linux-gnu-cc -c -march=nocona -mtune=haswell -ftree-vectorize -fPIC -fstack-protector-strong -fno-plt -O2 -ffunction-sections -pipe -isystem /home/comp/cschaoyang/SOFTWARE/ANACONDA3/V2019/include -DNDEBUG -D_FORTIFY_SOURCE=2 -O2 -isystem /home/comp/cschaoyang/SOFTWARE/ANACONDA3/V2019/include conftest.c >&5
configure:3370: $? = 0
configure:3370: result: yes
configure:3370: checking for strings.h
configure:3370: /home/comp/cschaoyang/SOFTWARE/ANACONDA3/V2019/bin/x86_64-conda-linux-gnu-cc -c -march=nocona -mtune=haswell -ftree-vectorize -fPIC -fstack-protector-strong -fno-plt -O2 -ffunction-sections -pipe -isystem /home/comp/cschaoyang/SOFTWARE/ANACONDA3/V2019/include -DNDEBUG -D_FORTIFY_SOURCE=2 -O2 -isystem /home/comp/cschaoyang/SOFTWARE/ANACONDA3/V2019/include conftest.c >&5
configure:3370: $? = 0
configure:3370: result: yes
configure:3370: checking for inttypes.h
configure:3370: /home/comp/cschaoyang/SOFTWARE/ANACONDA3/V2019/bin/x86_64-conda-linux-gnu-cc -c -march=nocona -mtune=haswell -ftree-vectorize -fPIC -fstack-protector-strong -fno-plt -O2 -ffunction-sections -pipe -isystem /home/comp/cschaoyang/SOFTWARE/ANACONDA3/V2019/include -DNDEBUG -D_FORTIFY_SOURCE=2 -O2 -isystem /home/comp/cschaoyang/SOFTWARE/ANACONDA3/V2019/include conftest.c >&5
configure:3370: $? = 0
configure:3370: result: yes
configure:3370: checking for stdint.h
configure:3370: /home/comp/cschaoyang/SOFTWARE/ANACONDA3/V2019/bin/x86_64-conda-linux-gnu-cc -c -march=nocona -mtune=haswell -ftree-vectorize -fPIC -fstack-protector-strong -fno-plt -O2 -ffunction-sections -pipe -isystem /home/comp/cschaoyang/SOFTWARE/ANACONDA3/V2019/include -DNDEBUG -D_FORTIFY_SOURCE=2 -O2 -isystem /home/comp/cschaoyang/SOFTWARE/ANACONDA3/V2019/include conftest.c >&5
configure:3370: $? = 0
configure:3370: result: yes
configure:3370: checking for unistd.h
configure:3370: /home/comp/cschaoyang/SOFTWARE/ANACONDA3/V2019/bin/x86_64-conda-linux-gnu-cc -c -march=nocona -mtune=haswell -ftree-vectorize -fPIC -fstack-protector-strong -fno-plt -O2 -ffunction-sections -pipe -isystem /home/comp/cschaoyang/SOFTWARE/ANACONDA3/V2019/include -DNDEBUG -D_FORTIFY_SOURCE=2 -O2 -isystem /home/comp/cschaoyang/SOFTWARE/ANACONDA3/V2019/include conftest.c >&5
configure:3370: $? = 0
configure:3370: result: yes
configure:3388: checking for stdlib.h
configure:3388: result: yes
configure:3388: checking for unistd.h
configure:3388: result: yes
configure:3388: checking for sys/param.h
configure:3388: /home/comp/cschaoyang/SOFTWARE/ANACONDA3/V2019/bin/x86_64-conda-linux-gnu-cc -c -march=nocona -mtune=haswell -ftree-vectorize -fPIC -fstack-protector-strong -fno-plt -O2 -ffunction-sections -pipe -isystem /home/comp/cschaoyang/SOFTWARE/ANACONDA3/V2019/include -DNDEBUG -D_FORTIFY_SOURCE=2 -O2 -isystem /home/comp/cschaoyang/SOFTWARE/ANACONDA3/V2019/include conftest.c >&5
configure:3388: $? = 0
configure:3388: result: yes
configure:3408: checking for getpagesize
configure:3408: /home/comp/cschaoyang/SOFTWARE/ANACONDA3/V2019/bin/x86_64-conda-linux-gnu-cc -o conftest -march=nocona -mtune=haswell -ftree-vectorize -fPIC -fstack-protector-strong -fno-plt -O2 -ffunction-sections -pipe -isystem /home/comp/cschaoyang/SOFTWARE/ANACONDA3/V2019/include -DNDEBUG -D_FORTIFY_SOURCE=2 -O2 -isystem /home/comp/cschaoyang/SOFTWARE/ANACONDA3/V2019/include -Wl,-O2 -Wl,--sort-common -Wl,--as-needed -Wl,-z,relro -Wl,-z,now -Wl,--disable-new-dtags -Wl,--gc-sections -Wl,-rpath,/home/comp/cschaoyang/SOFTWARE/ANACONDA3/V2019/lib -Wl,-rpath-link,/home/comp/cschaoyang/SOFTWARE/ANACONDA3/V2019/lib -L/home/comp/cschaoyang/SOFTWARE/ANACONDA3/V2019/lib conftest.c  >&5
configure:3408: $? = 0
configure:3408: result: yes
configure:3417: checking for working mmap
configure:3564: /home/comp/cschaoyang/SOFTWARE/ANACONDA3/V2019/bin/x86_64-conda-linux-gnu-cc -o conftest -march=nocona -mtune=haswell -ftree-vectorize -fPIC -fstack-protector-strong -fno-plt -O2 -ffunction-sections -pipe -isystem /home/comp/cschaoyang/SOFTWARE/ANACONDA3/V2019/include -DNDEBUG -D_FORTIFY_SOURCE=2 -O2 -isystem /home/comp/cschaoyang/SOFTWARE/ANACONDA3/V2019/include -Wl,-O2 -Wl,--sort-common -Wl,--as-needed -Wl,-z,relro -Wl,-z,now -Wl,--disable-new-dtags -Wl,--gc-sections -Wl,-rpath,/home/comp/cschaoyang/SOFTWARE/ANACONDA3/V2019/lib -Wl,-rpath-link,/home/comp/cschaoyang/SOFTWARE/ANACONDA3/V2019/lib -L/home/comp/cschaoyang/SOFTWARE/ANACONDA3/V2019/lib conftest.c  >&5
configure:3564: $? = 0
configure:3564: ./conftest
configure:3564: $? = 0
configure:3574: result: yes
configure:3585: checking for gmtime_r
configure:3585: /home/comp/cschaoyang/SOFTWARE/ANACONDA3/V2019/bin/x86_64-conda-linux-gnu-cc -o conftest -march=nocona -mtune=haswell -ftree-vectorize -fPIC -fstack-protector-strong -fno-plt -O2 -ffunction-sections -pipe -isystem /home/comp/cschaoyang/SOFTWARE/ANACONDA3/V2019/include -DNDEBUG -D_FORTIFY_SOURCE=2 -O2 -isystem /home/comp/cschaoyang/SOFTWARE/ANACONDA3/V2019/include -Wl,-O2 -Wl,--sort-common -Wl,--as-needed -Wl,-z,relro -Wl,-z,now -Wl,--disable-new-dtags -Wl,--gc-sections -Wl,-rpath,/home/comp/cschaoyang/SOFTWARE/ANACONDA3/V2019/lib -Wl,-rpath-link,/home/comp/cschaoyang/SOFTWARE/ANACONDA3/V2019/lib -L/home/comp/cschaoyang/SOFTWARE/ANACONDA3/V2019/lib conftest.c  >&5
configure:3585: $? = 0
configure:3585: result: yes
configure:3666: checking for zlib.h
configure:3666: /home/comp/cschaoyang/SOFTWARE/ANACONDA3/V2019/bin/x86_64-conda-linux-gnu-cc -c -march=nocona -mtune=haswell -ftree-vectorize -fPIC -fstack-protector-strong -fno-plt -O2 -ffunction-sections -pipe -isystem /home/comp/cschaoyang/SOFTWARE/ANACONDA3/V2019/include -DNDEBUG -D_FORTIFY_SOURCE=2 -O2 -isystem /home/comp/cschaoyang/SOFTWARE/ANACONDA3/V2019/include conftest.c >&5
configure:3666: $? = 0
configure:3666: result: yes
configure:3675: checking for inflate in -lz
configure:3700: /home/comp/cschaoyang/SOFTWARE/ANACONDA3/V2019/bin/x86_64-conda-linux-gnu-cc -o conftest -march=nocona -mtune=haswell -ftree-vectorize -fPIC -fstack-protector-strong -fno-plt -O2 -ffunction-sections -pipe -isystem /home/comp/cschaoyang/SOFTWARE/ANACONDA3/V2019/include -DNDEBUG -D_FORTIFY_SOURCE=2 -O2 -isystem /home/comp/cschaoyang/SOFTWARE/ANACONDA3/V2019/include -Wl,-O2 -Wl,--sort-common -Wl,--as-needed -Wl,-z,relro -Wl,-z,now -Wl,--disable-new-dtags -Wl,--gc-sections -Wl,-rpath,/home/comp/cschaoyang/SOFTWARE/ANACONDA3/V2019/lib -Wl,-rpath-link,/home/comp/cschaoyang/SOFTWARE/ANACONDA3/V2019/lib -L/home/comp/cschaoyang/SOFTWARE/ANACONDA3/V2019/lib conftest.c -lz   >&5
configure:3700: $? = 0
configure:3709: result: yes
configure:4109: creating ./config.status

## ---------------------- ##
## Running config.status. ##
## ---------------------- ##

This file was extended by HTSlib config.status 1.3, which was
generated by GNU Autoconf 2.69.  Invocation command line was

  CONFIG_FILES    = 
  CONFIG_HEADERS  = 
  CONFIG_LINKS    = 
  CONFIG_COMMANDS = 
  $ ./config.status 

on csr38

config.status:815: creating config.mk
config.status:815: creating config.h
config.status:985: config.h is unchanged

## ---------------- ##
## Cache variables. ##
## ---------------- ##

ac_cv_c_compiler_gnu=yes
ac_cv_env_CC_set=set
ac_cv_env_CC_value=/home/comp/cschaoyang/SOFTWARE/ANACONDA3/V2019/bin/x86_64-conda-linux-gnu-cc
ac_cv_env_CFLAGS_set=set
ac_cv_env_CFLAGS_value='-march=nocona -mtune=haswell -ftree-vectorize -fPIC -fstack-protector-strong -fno-plt -O2 -ffunction-sections -pipe -isystem /home/comp/cschaoyang/SOFTWARE/ANACONDA3/V2019/include'
ac_cv_env_CPPFLAGS_set=set
ac_cv_env_CPPFLAGS_value='-DNDEBUG -D_FORTIFY_SOURCE=2 -O2 -isystem /home/comp/cschaoyang/SOFTWARE/ANACONDA3/V2019/include'
ac_cv_env_CPP_set=set
ac_cv_env_CPP_value=/home/comp/cschaoyang/SOFTWARE/ANACONDA3/V2019/bin/x86_64-conda-linux-gnu-cpp
ac_cv_env_LDFLAGS_set=set
ac_cv_env_LDFLAGS_value='-Wl,-O2 -Wl,--sort-common -Wl,--as-needed -Wl,-z,relro -Wl,-z,now -Wl,--disable-new-dtags -Wl,--gc-sections -Wl,-rpath,/home/comp/cschaoyang/SOFTWARE/ANACONDA3/V2019/lib -Wl,-rpath-link,/home/comp/cschaoyang/SOFTWARE/ANACONDA3/V2019/lib -L/home/comp/cschaoyang/SOFTWARE/ANACONDA3/V2019/lib'
ac_cv_env_LIBS_set=
ac_cv_env_LIBS_value=
ac_cv_env_build_alias_set=set
ac_cv_env_build_alias_value=x86_64-conda-linux-gnu
ac_cv_env_host_alias_set=set
ac_cv_env_host_alias_value=x86_64-conda-linux-gnu
ac_cv_env_target_alias_set=
ac_cv_env_target_alias_value=
ac_cv_func_getpagesize=yes
ac_cv_func_gmtime_r=yes
ac_cv_func_mmap_fixed_mapped=yes
ac_cv_header_inttypes_h=yes
ac_cv_header_memory_h=yes
ac_cv_header_stdc=yes
ac_cv_header_stdint_h=yes
ac_cv_header_stdlib_h=yes
ac_cv_header_string_h=yes
ac_cv_header_strings_h=yes
ac_cv_header_sys_param_h=yes
ac_cv_header_sys_stat_h=yes
ac_cv_header_sys_types_h=yes
ac_cv_header_unistd_h=yes
ac_cv_header_zlib_h=yes
ac_cv_lib_z_inflate=yes
ac_cv_objext=o
ac_cv_path_EGREP='/usr/bin/grep -E'
ac_cv_path_GREP=/usr/bin/grep
ac_cv_prog_CC=/home/comp/cschaoyang/SOFTWARE/ANACONDA3/V2019/bin/x86_64-conda-linux-gnu-cc
ac_cv_prog_CPP=/home/comp/cschaoyang/SOFTWARE/ANACONDA3/V2019/bin/x86_64-conda-linux-gnu-cpp
ac_cv_prog_RANLIB=/home/comp/cschaoyang/SOFTWARE/ANACONDA3/V2019/bin/x86_64-conda-linux-gnu-ranlib
ac_cv_prog_cc_c89=
ac_cv_prog_cc_g=yes

## ----------------- ##
## Output variables. ##
## ----------------- ##

CC='/home/comp/cschaoyang/SOFTWARE/ANACONDA3/V2019/bin/x86_64-conda-linux-gnu-cc'
CFLAGS='-march=nocona -mtune=haswell -ftree-vectorize -fPIC -fstack-protector-strong -fno-plt -O2 -ffunction-sections -pipe -isystem /home/comp/cschaoyang/SOFTWARE/ANACONDA3/V2019/include'
CPP='/home/comp/cschaoyang/SOFTWARE/ANACONDA3/V2019/bin/x86_64-conda-linux-gnu-cpp'
CPPFLAGS='-DNDEBUG -D_FORTIFY_SOURCE=2 -O2 -isystem /home/comp/cschaoyang/SOFTWARE/ANACONDA3/V2019/include'
CRYPTO_LIBS=''
DEFS='-DHAVE_CONFIG_H'
ECHO_C=''
ECHO_N='-n'
ECHO_T=''
EGREP='/usr/bin/grep -E'
EXEEXT=''
GREP='/usr/bin/grep'
LDFLAGS='-Wl,-O2 -Wl,--sort-common -Wl,--as-needed -Wl,-z,relro -Wl,-z,now -Wl,--disable-new-dtags -Wl,--gc-sections -Wl,-rpath,/home/comp/cschaoyang/SOFTWARE/ANACONDA3/V2019/lib -Wl,-rpath-link,/home/comp/cschaoyang/SOFTWARE/ANACONDA3/V2019/lib -L/home/comp/cschaoyang/SOFTWARE/ANACONDA3/V2019/lib'
LIBOBJS=''
LIBS=''
LTLIBOBJS=''
OBJEXT='o'
PACKAGE_BUGREPORT='samtools-help@lists.sourceforge.net'
PACKAGE_NAME='HTSlib'
PACKAGE_STRING='HTSlib 1.3'
PACKAGE_TARNAME='htslib'
PACKAGE_URL='http://www.htslib.org/'
PACKAGE_VERSION='1.3'
PATH_SEPARATOR=':'
RANLIB='/home/comp/cschaoyang/SOFTWARE/ANACONDA3/V2019/bin/x86_64-conda-linux-gnu-ranlib'
SHELL='/bin/sh'
ac_ct_CC=''
bindir='${exec_prefix}/bin'
build_alias='x86_64-conda-linux-gnu'
datadir='${datarootdir}'
datarootdir='${prefix}/share'
define_IRODS_HOME='IRODS_HOME ?= /disabled'
docdir='${datarootdir}/doc/${PACKAGE_TARNAME}'
dvidir='${docdir}'
enable_plugins='no'
exec_prefix='${prefix}'
host_alias='x86_64-conda-linux-gnu'
htmldir='${docdir}'
includedir='${prefix}/include'
infodir='${datarootdir}/info'
irods='disabled'
libcurl='disabled'
libdir='${exec_prefix}/lib'
libexecdir='${exec_prefix}/libexec'
localedir='${datarootdir}/locale'
localstatedir='${prefix}/var'
mandir='${datarootdir}/man'
oldincludedir='/usr/include'
pdfdir='${docdir}'
plugindir='$(libexecdir)/htslib'
pluginpath='$(libexecdir)/htslib'
prefix='/usr/local'
program_transform_name='s,x,x,'
psdir='${docdir}'
sbindir='${exec_prefix}/sbin'
sharedstatedir='${prefix}/com'
sysconfdir='${prefix}/etc'
target_alias=''

## ----------- ##
## confdefs.h. ##
## ----------- ##

/* confdefs.h */
#define PACKAGE_NAME "HTSlib"
#define PACKAGE_TARNAME "htslib"
#define PACKAGE_VERSION "1.3"
#define PACKAGE_STRING "HTSlib 1.3"
#define PACKAGE_BUGREPORT "samtools-help@lists.sourceforge.net"
#define PACKAGE_URL "http://www.htslib.org/"
#define STDC_HEADERS 1
#define HAVE_SYS_TYPES_H 1
#define HAVE_SYS_STAT_H 1
#define HAVE_STDLIB_H 1
#define HAVE_STRING_H 1
#define HAVE_MEMORY_H 1
#define HAVE_STRINGS_H 1
#define HAVE_INTTYPES_H 1
#define HAVE_STDINT_H 1
#define HAVE_UNISTD_H 1
#define HAVE_STDLIB_H 1
#define HAVE_UNISTD_H 1
#define HAVE_SYS_PARAM_H 1
#define HAVE_GETPAGESIZE 1
#define HAVE_MMAP 1
#define HAVE_GMTIME_R 1
#define HAVE_LIBZ 1

configure: exit 0
